# JRE version: Java(TM) SE Runtime Environment (8.0_162-b12) (build 1.8.0_162-b12)
# Java VM: Java HotSpot(TM) 64-Bit Server VM (25.162-b12 mixed mode windows-amd64 compressed oops)
Heap:
 PSYoungGen      total 267776K, used 110710K [0x000000076c000000, 0x0000000782780000, 0x00000007c0000000)
  eden space 257024K, 43% used [0x000000076c000000,0x0000000772c1db00,0x000000077bb00000)
  from space 10752K, 0% used [0x000000077bb00000,0x000000077bb00000,0x000000077c580000)
  to   space 14336K, 0% used [0x0000000781980000,0x0000000781980000,0x0000000782780000)
 ParOldGen       total 93696K, used 19572K [0x00000006c4000000, 0x00000006c9b80000, 0x000000076c000000)
  object space 93696K, 20% used [0x00000006c4000000,0x00000006c531d1e8,0x00000006c9b80000)
 Metaspace       used 39065K, capacity 40830K, committed 41216K, reserved 1085440K
  class space    used 5208K, capacity 5550K, committed 5632K, reserved 1048576K
GC Heap History (10 events):
Event: 3.068 GC heap before
{Heap before GC invocations=3 (full 0):
 PSYoungGen      total 139776K, used 66564K [0x000000076c000000, 0x0000000775300000, 0x00000007c0000000)
  eden space 129024K, 45% used [0x000000076c000000,0x000000076f982930,0x0000000773e00000)
  from space 10752K, 71% used [0x0000000774880000,0x0000000774ffe6f8,0x0000000775300000)
  to   space 10752K, 0% used [0x0000000773e00000,0x0000000773e00000,0x0000000774880000)
 ParOldGen       total 172032K, used 24K [0x00000006c4000000, 0x00000006ce800000, 0x000000076c000000)
  object space 172032K, 0% used [0x00000006c4000000,0x00000006c4006000,0x00000006ce800000)
 Metaspace       used 20448K, capacity 21188K, committed 21296K, reserved 1067008K
  class space    used 2753K, capacity 2932K, committed 2944K, reserved 1048576K
Event: 3.076 GC heap after
Heap after GC invocations=3 (full 0):
 PSYoungGen      total 139776K, used 9396K [0x000000076c000000, 0x000000077d100000, 0x00000007c0000000)
  eden space 129024K, 0% used [0x000000076c000000,0x000000076c000000,0x0000000773e00000)
  from space 10752K, 87% used [0x0000000773e00000,0x000000077472d098,0x0000000774880000)
  to   space 10752K, 0% used [0x000000077c680000,0x000000077c680000,0x000000077d100000)
 ParOldGen       total 172032K, used 32K [0x00000006c4000000, 0x00000006ce800000, 0x000000076c000000)
  object space 172032K, 0% used [0x00000006c4000000,0x00000006c4008000,0x00000006ce800000)
 Metaspace       used 20448K, capacity 21188K, committed 21296K, reserved 1067008K
  class space    used 2753K, capacity 2932K, committed 2944K, reserved 1048576K
}
Event: 3.076 GC heap before
{Heap before GC invocations=4 (full 1):
 PSYoungGen      total 139776K, used 9396K [0x000000076c000000, 0x000000077d100000, 0x00000007c0000000)
  eden space 129024K, 0% used [0x000000076c000000,0x000000076c000000,0x0000000773e00000)
  from space 10752K, 87% used [0x0000000773e00000,0x000000077472d098,0x0000000774880000)
  to   space 10752K, 0% used [0x000000077c680000,0x000000077c680000,0x000000077d100000)
 ParOldGen       total 172032K, used 32K [0x00000006c4000000, 0x00000006ce800000, 0x000000076c000000)
  object space 172032K, 0% used [0x00000006c4000000,0x00000006c4008000,0x00000006ce800000)
 Metaspace       used 20448K, capacity 21188K, committed 21296K, reserved 1067008K
  class space    used 2753K, capacity 2932K, committed 2944K, reserved 1048576K
Event: 3.096 GC heap after
Heap after GC invocations=4 (full 1):
 PSYoungGen      total 139776K, used 0K [0x000000076c000000, 0x000000077d100000, 0x00000007c0000000)
  eden space 129024K, 0% used [0x000000076c000000,0x000000076c000000,0x0000000773e00000)
  from space 10752K, 0% used [0x0000000773e00000,0x0000000773e00000,0x0000000774880000)
  to   space 10752K, 0% used [0x000000077c680000,0x000000077c680000,0x000000077d100000)
 ParOldGen       total 93696K, used 8964K [0x00000006c4000000, 0x00000006c9b80000, 0x000000076c000000)
  object space 93696K, 9% used [0x00000006c4000000,0x00000006c48c12f0,0x00000006c9b80000)
 Metaspace       used 20446K, capacity 21182K, committed 21296K, reserved 1067008K
  class space    used 2753K, capacity 2931K, committed 2944K, reserved 1048576K
}
Event: 5.512 GC heap before
{Heap before GC invocations=5 (full 1):
 PSYoungGen      total 139776K, used 129024K [0x000000076c000000, 0x000000077d100000, 0x00000007c0000000)
  eden space 129024K, 100% used [0x000000076c000000,0x0000000773e00000,0x0000000773e00000)
  from space 10752K, 0% used [0x0000000773e00000,0x0000000773e00000,0x0000000774880000)
  to   space 10752K, 0% used [0x000000077c680000,0x000000077c680000,0x000000077d100000)
 ParOldGen       total 93696K, used 8964K [0x00000006c4000000, 0x00000006c9b80000, 0x000000076c000000)
  object space 93696K, 9% used [0x00000006c4000000,0x00000006c48c12f0,0x00000006c9b80000)
 Metaspace       used 26605K, capacity 27720K, committed 28032K, reserved 1073152K
  class space    used 3616K, capacity 3862K, committed 3968K, reserved 1048576K
Event: 5.517 GC heap after
Heap after GC invocations=5 (full 1):
 PSYoungGen      total 222208K, used 9568K [0x000000076c000000, 0x000000077d000000, 0x00000007c0000000)
  eden space 212480K, 0% used [0x000000076c000000,0x000000076c000000,0x0000000778f80000)
  from space 9728K, 98% used [0x000000077c680000,0x000000077cfd8208,0x000000077d000000)
  to   space 10752K, 0% used [0x000000077bb00000,0x000000077bb00000,0x000000077c580000)
 ParOldGen       total 93696K, used 9036K [0x00000006c4000000, 0x00000006c9b80000, 0x000000076c000000)
  object space 93696K, 9% used [0x00000006c4000000,0x00000006c48d3300,0x00000006c9b80000)
 Metaspace       used 26605K, capacity 27720K, committed 28032K, reserved 1073152K
  class space    used 3616K, capacity 3862K, committed 3968K, reserved 1048576K
}
Event: 8.381 GC heap before
{Heap before GC invocations=6 (full 1):
 PSYoungGen      total 222208K, used 145835K [0x000000076c000000, 0x000000077d000000, 0x00000007c0000000)
  eden space 212480K, 64% used [0x000000076c000000,0x0000000774512a60,0x0000000778f80000)
  from space 9728K, 98% used [0x000000077c680000,0x000000077cfd8208,0x000000077d000000)
  to   space 10752K, 0% used [0x000000077bb00000,0x000000077bb00000,0x000000077c580000)
 ParOldGen       total 93696K, used 9036K [0x00000006c4000000, 0x00000006c9b80000, 0x000000076c000000)
  object space 93696K, 9% used [0x00000006c4000000,0x00000006c48d3300,0x00000006c9b80000)
 Metaspace       used 34091K, capacity 35452K, committed 35496K, reserved 1079296K
  class space    used 4590K, capacity 4852K, committed 4864K, reserved 1048576K
Event: 8.391 GC heap after
Heap after GC invocations=6 (full 1):
 PSYoungGen      total 267776K, used 10724K [0x000000076c000000, 0x0000000782780000, 0x00000007c0000000)
  eden space 257024K, 0% used [0x000000076c000000,0x000000076c000000,0x000000077bb00000)
  from space 10752K, 99% used [0x000000077bb00000,0x000000077c579280,0x000000077c580000)
  to   space 14336K, 0% used [0x0000000781980000,0x0000000781980000,0x0000000782780000)
 ParOldGen       total 93696K, used 13070K [0x00000006c4000000, 0x00000006c9b80000, 0x000000076c000000)
  object space 93696K, 13% used [0x00000006c4000000,0x00000006c4cc3850,0x00000006c9b80000)
 Metaspace       used 34091K, capacity 35452K, committed 35496K, reserved 1079296K
  class space    used 4590K, capacity 4852K, committed 4864K, reserved 1048576K
}
Event: 8.391 GC heap before
{Heap before GC invocations=7 (full 2):
 PSYoungGen      total 267776K, used 10724K [0x000000076c000000, 0x0000000782780000, 0x00000007c0000000)
  eden space 257024K, 0% used [0x000000076c000000,0x000000076c000000,0x000000077bb00000)
  from space 10752K, 99% used [0x000000077bb00000,0x000000077c579280,0x000000077c580000)
  to   space 14336K, 0% used [0x0000000781980000,0x0000000781980000,0x0000000782780000)
 ParOldGen       total 93696K, used 13070K [0x00000006c4000000, 0x00000006c9b80000, 0x000000076c000000)
  object space 93696K, 13% used [0x00000006c4000000,0x00000006c4cc3850,0x00000006c9b80000)
 Metaspace       used 34091K, capacity 35452K, committed 35496K, reserved 1079296K
  class space    used 4590K, capacity 4852K, committed 4864K, reserved 1048576K
Event: 8.431 GC heap after
Heap after GC invocations=7 (full 2):
 PSYoungGen      total 267776K, used 0K [0x000000076c000000, 0x0000000782780000, 0x00000007c0000000)
  eden space 257024K, 0% used [0x000000076c000000,0x000000076c000000,0x000000077bb00000)
  from space 10752K, 0% used [0x000000077bb00000,0x000000077bb00000,0x000000077c580000)
  to   space 14336K, 0% used [0x0000000781980000,0x0000000781980000,0x0000000782780000)
 ParOldGen       total 93696K, used 19572K [0x00000006c4000000, 0x00000006c9b80000, 0x000000076c000000)
  object space 93696K, 20% used [0x00000006c4000000,0x00000006c531d1e8,0x00000006c9b80000)
 Metaspace       used 34091K, capacity 35452K, committed 35496K, reserved 1079296K
  class space    used 4590K, capacity 4852K, committed 4864K, reserved 1048576K
}

