# JRE version: Java(TM) SE Runtime Environment (8.0_162-b12) (build 1.8.0_162-b12)
# Java VM: Java HotSpot(TM) 64-Bit Server VM (25.162-b12 mixed mode windows-amd64 compressed oops)
Heap:
 PSYoungGen      total 75264K, used 59753K [0x000000076c000000, 0x0000000771400000, 0x00000007c0000000)
  eden space 64512K, 92% used [0x000000076c000000,0x000000076fa5a410,0x000000076ff00000)
  from space 10752K, 0% used [0x000000076ff00000,0x000000076ff00000,0x0000000770980000)
  to   space 10752K, 0% used [0x0000000770980000,0x0000000770980000,0x0000000771400000)
 ParOldGen       total 102400K, used 8898K [0x00000006c4000000, 0x00000006ca400000, 0x000000076c000000)
  object space 102400K, 8% used [0x00000006c4000000,0x00000006c48b0a00,0x00000006ca400000)
 Metaspace       used 24950K, capacity 25986K, committed 26240K, reserved 1071104K
  class space    used 3388K, capacity 3603K, committed 3712K, reserved 1048576K
GC Heap History (8 events):
Event: 0.821 GC heap before
{Heap before GC invocations=1 (full 0):
 PSYoungGen      total 75264K, used 64512K [0x000000076c000000, 0x0000000771400000, 0x00000007c0000000)
  eden space 64512K, 100% used [0x000000076c000000,0x000000076ff00000,0x000000076ff00000)
  from space 10752K, 0% used [0x0000000770980000,0x0000000770980000,0x0000000771400000)
  to   space 10752K, 0% used [0x000000076ff00000,0x000000076ff00000,0x0000000770980000)
 ParOldGen       total 172032K, used 0K [0x00000006c4000000, 0x00000006ce800000, 0x000000076c000000)
  object space 172032K, 0% used [0x00000006c4000000,0x00000006c4000000,0x00000006ce800000)
 Metaspace       used 13337K, capacity 13712K, committed 13824K, reserved 1060864K
  class space    used 1663K, capacity 1762K, committed 1792K, reserved 1048576K
Event: 0.825 GC heap after
Heap after GC invocations=1 (full 0):
 PSYoungGen      total 75264K, used 7516K [0x000000076c000000, 0x0000000771400000, 0x00000007c0000000)
  eden space 64512K, 0% used [0x000000076c000000,0x000000076c000000,0x000000076ff00000)
  from space 10752K, 69% used [0x000000076ff00000,0x0000000770657160,0x0000000770980000)
  to   space 10752K, 0% used [0x0000000770980000,0x0000000770980000,0x0000000771400000)
 ParOldGen       total 172032K, used 16K [0x00000006c4000000, 0x00000006ce800000, 0x000000076c000000)
  object space 172032K, 0% used [0x00000006c4000000,0x00000006c4004000,0x00000006ce800000)
 Metaspace       used 13337K, capacity 13712K, committed 13824K, reserved 1060864K
  class space    used 1663K, capacity 1762K, committed 1792K, reserved 1048576K
}
Event: 0.996 GC heap before
{Heap before GC invocations=2 (full 0):
 PSYoungGen      total 75264K, used 72028K [0x000000076c000000, 0x0000000771400000, 0x00000007c0000000)
  eden space 64512K, 100% used [0x000000076c000000,0x000000076ff00000,0x000000076ff00000)
  from space 10752K, 69% used [0x000000076ff00000,0x0000000770657160,0x0000000770980000)
  to   space 10752K, 0% used [0x0000000770980000,0x0000000770980000,0x0000000771400000)
 ParOldGen       total 172032K, used 16K [0x00000006c4000000, 0x00000006ce800000, 0x000000076c000000)
  object space 172032K, 0% used [0x00000006c4000000,0x00000006c4004000,0x00000006ce800000)
 Metaspace       used 16301K, capacity 16756K, committed 16896K, reserved 1064960K
  class space    used 2114K, capacity 2248K, committed 2304K, reserved 1048576K
Event: 1.000 GC heap after
Heap after GC invocations=2 (full 0):
 PSYoungGen      total 75264K, used 7384K [0x000000076c000000, 0x0000000775300000, 0x00000007c0000000)
  eden space 64512K, 0% used [0x000000076c000000,0x000000076c000000,0x000000076ff00000)
  from space 10752K, 68% used [0x0000000770980000,0x00000007710b6160,0x0000000771400000)
  to   space 10752K, 0% used [0x000000076ff00000,0x000000076ff00000,0x0000000770980000)
 ParOldGen       total 172032K, used 24K [0x00000006c4000000, 0x00000006ce800000, 0x000000076c000000)
  object space 172032K, 0% used [0x00000006c4000000,0x00000006c4006000,0x00000006ce800000)
 Metaspace       used 16301K, capacity 16756K, committed 16896K, reserved 1064960K
  class space    used 2114K, capacity 2248K, committed 2304K, reserved 1048576K
}
Event: 2.511 GC heap before
{Heap before GC invocations=3 (full 0):
 PSYoungGen      total 75264K, used 52073K [0x000000076c000000, 0x0000000775300000, 0x00000007c0000000)
  eden space 64512K, 69% used [0x000000076c000000,0x000000076eba4350,0x000000076ff00000)
  from space 10752K, 68% used [0x0000000770980000,0x00000007710b6160,0x0000000771400000)
  to   space 10752K, 0% used [0x000000076ff00000,0x000000076ff00000,0x0000000770980000)
 ParOldGen       total 172032K, used 24K [0x00000006c4000000, 0x00000006ce800000, 0x000000076c000000)
  object space 172032K, 0% used [0x00000006c4000000,0x00000006c4006000,0x00000006ce800000)
 Metaspace       used 20423K, capacity 21188K, committed 21296K, reserved 1067008K
  class space    used 2751K, capacity 2932K, committed 2944K, reserved 1048576K
Event: 2.516 GC heap after
Heap after GC invocations=3 (full 0):
 PSYoungGen      total 75264K, used 9364K [0x000000076c000000, 0x0000000771400000, 0x00000007c0000000)
  eden space 64512K, 0% used [0x000000076c000000,0x000000076c000000,0x000000076ff00000)
  from space 10752K, 87% used [0x000000076ff00000,0x00000007708253c0,0x0000000770980000)
  to   space 10752K, 0% used [0x0000000770980000,0x0000000770980000,0x0000000771400000)
 ParOldGen       total 172032K, used 32K [0x00000006c4000000, 0x00000006ce800000, 0x000000076c000000)
  object space 172032K, 0% used [0x00000006c4000000,0x00000006c4008000,0x00000006ce800000)
 Metaspace       used 20423K, capacity 21188K, committed 21296K, reserved 1067008K
  class space    used 2751K, capacity 2932K, committed 2944K, reserved 1048576K
}
Event: 2.516 GC heap before
{Heap before GC invocations=4 (full 1):
 PSYoungGen      total 75264K, used 9364K [0x000000076c000000, 0x0000000771400000, 0x00000007c0000000)
  eden space 64512K, 0% used [0x000000076c000000,0x000000076c000000,0x000000076ff00000)
  from space 10752K, 87% used [0x000000076ff00000,0x00000007708253c0,0x0000000770980000)
  to   space 10752K, 0% used [0x0000000770980000,0x0000000770980000,0x0000000771400000)
 ParOldGen       total 172032K, used 32K [0x00000006c4000000, 0x00000006ce800000, 0x000000076c000000)
  object space 172032K, 0% used [0x00000006c4000000,0x00000006c4008000,0x00000006ce800000)
 Metaspace       used 20423K, capacity 21188K, committed 21296K, reserved 1067008K
  class space    used 2751K, capacity 2932K, committed 2944K, reserved 1048576K
Event: 2.535 GC heap after
Heap after GC invocations=4 (full 1):
 PSYoungGen      total 75264K, used 0K [0x000000076c000000, 0x0000000771400000, 0x00000007c0000000)
  eden space 64512K, 0% used [0x000000076c000000,0x000000076c000000,0x000000076ff00000)
  from space 10752K, 0% used [0x000000076ff00000,0x000000076ff00000,0x0000000770980000)
  to   space 10752K, 0% used [0x0000000770980000,0x0000000770980000,0x0000000771400000)
 ParOldGen       total 102400K, used 8898K [0x00000006c4000000, 0x00000006ca400000, 0x000000076c000000)
  object space 102400K, 8% used [0x00000006c4000000,0x00000006c48b0a00,0x00000006ca400000)
 Metaspace       used 20421K, capacity 21182K, committed 21296K, reserved 1067008K
  class space    used 2751K, capacity 2931K, committed 2944K, reserved 1048576K
}

